Using pre-set license
Built from '2021.3/release' branch; Version is '2021.3.17f1 (3e8111cac19d) revision 4096273'; Using compiler version '192829333'; Build Type 'Release'
OS: 'Windows 10  (10.0.19044) 64bit Core' Language: 'ru' Physical Memory: 16267 MB
BatchMode: 1, IsHumanControllingUs: 0, StartBugReporterOnCrash: 0, Is64bit: 1, IsPro: 1

COMMAND LINE ARGUMENTS:
C:\Program Files\Unity\Hub\Editor\2021.3.17f1\Editor\Unity.exe
-adb2
-batchMode
-noUpm
-name
AssetImportWorker0
-projectPath
C:/Users/minva/My project
-logFile
Logs/AssetImportWorker0.log
-srvPort
59493
Successfully changed project path to: C:/Users/minva/My project
C:/Users/minva/My project
[UnityMemory] Configuration Parameters - Can be set up in boot.config
    "memorysetup-bucket-allocator-granularity=16"
    "memorysetup-bucket-allocator-bucket-count=8"
    "memorysetup-bucket-allocator-block-size=33554432"
    "memorysetup-bucket-allocator-block-count=8"
    "memorysetup-main-allocator-block-size=16777216"
    "memorysetup-thread-allocator-block-size=16777216"
    "memorysetup-gfx-main-allocator-block-size=16777216"
    "memorysetup-gfx-thread-allocator-block-size=16777216"
    "memorysetup-cache-allocator-block-size=4194304"
    "memorysetup-typetree-allocator-block-size=2097152"
    "memorysetup-profiler-bucket-allocator-granularity=16"
    "memorysetup-profiler-bucket-allocator-bucket-count=8"
    "memorysetup-profiler-bucket-allocator-block-size=33554432"
    "memorysetup-profiler-bucket-allocator-block-count=8"
    "memorysetup-profiler-allocator-block-size=16777216"
    "memorysetup-profiler-editor-allocator-block-size=1048576"
    "memorysetup-temp-allocator-size-main=16777216"
    "memorysetup-job-temp-allocator-block-size=2097152"
    "memorysetup-job-temp-allocator-block-size-background=1048576"
    "memorysetup-job-temp-allocator-reduction-small-platforms=262144"
    "memorysetup-temp-allocator-size-background-worker=32768"
    "memorysetup-temp-allocator-size-job-worker=262144"
    "memorysetup-temp-allocator-size-preload-manager=33554432"
    "memorysetup-temp-allocator-size-nav-mesh-worker=65536"
    "memorysetup-temp-allocator-size-audio-worker=65536"
    "memorysetup-temp-allocator-size-cloud-worker=32768"
    "memorysetup-temp-allocator-size-gi-baking-worker=262144"
    "memorysetup-temp-allocator-size-gfx=262144"
Player connection [2656] Host "[IP] 192.168.3.6 [Port] 0 [Flags] 2 [Guid] 1084378568 [EditorId] 1084378568 [Version] 1048832 [Id] WindowsEditor(7,DESKTOP-314GMVM) [Debug] 1 [PackageName] WindowsEditor [ProjectName] Editor" joined multi-casting on [225.0.0.222:54997]...

Player connection [2656] Host "[IP] 192.168.3.6 [Port] 0 [Flags] 2 [Guid] 1084378568 [EditorId] 1084378568 [Version] 1048832 [Id] WindowsEditor(7,DESKTOP-314GMVM) [Debug] 1 [PackageName] WindowsEditor [ProjectName] Editor" joined alternative multi-casting on [225.0.0.222:34997]...

Refreshing native plugins compatible for Editor in 114.10 ms, found 3 plugins.
Preloading 0 native plugins for Editor in 0.00 ms.
Initialize engine version: 2021.3.17f1 (3e8111cac19d)
[Subsystems] Discovering subsystems at path C:/Program Files/Unity/Hub/Editor/2021.3.17f1/Editor/Data/Resources/UnitySubsystems
[Subsystems] Discovering subsystems at path C:/Users/minva/My project/Assets
GfxDevice: creating device client; threaded=0; jobified=0
Direct3D:
    Version:  Direct3D 11.0 [level 11.1]
    Renderer: NVIDIA GeForce GTX 1050 Ti (ID=0x1c8c)
    Vendor:   NVIDIA
    VRAM:     4017 MB
    Driver:   31.0.15.2698
Initialize mono
Mono path[0] = 'C:/Program Files/Unity/Hub/Editor/2021.3.17f1/Editor/Data/Managed'
Mono path[1] = 'C:/Program Files/Unity/Hub/Editor/2021.3.17f1/Editor/Data/MonoBleedingEdge/lib/mono/unityjit-win32'
Mono config path = 'C:/Program Files/Unity/Hub/Editor/2021.3.17f1/Editor/Data/MonoBleedingEdge/etc'
Using monoOptions --debugger-agent=transport=dt_socket,embedding=1,server=y,suspend=n,address=127.0.0.1:56940
Begin MonoManager ReloadAssembly
Registering precompiled unity dll's ...
Register platform support module: C:/Program Files/Unity/Hub/Editor/2021.3.17f1/Editor/Data/PlaybackEngines/WebGLSupport/UnityEditor.WebGL.Extensions.dll
Register platform support module: C:/Program Files/Unity/Hub/Editor/2021.3.17f1/Editor/Data/PlaybackEngines/WindowsStandaloneSupport/UnityEditor.WindowsStandalone.Extensions.dll
Registered in 0.015931 seconds.
Native extension for WindowsStandalone target not found
Native extension for WebGL target not found
Refreshing native plugins compatible for Editor in 109.48 ms, found 3 plugins.
Preloading 0 native plugins for Editor in 0.00 ms.
Mono: successfully reloaded assembly
- Completed reload, in  0.919 seconds
Domain Reload Profiling:
	ReloadAssembly (920ms)
		BeginReloadAssembly (126ms)
			ExecutionOrderSort (0ms)
			DisableScriptedObjects (0ms)
			BackupInstance (0ms)
			ReleaseScriptingObjects (0ms)
			CreateAndSetChildDomain (1ms)
		EndReloadAssembly (616ms)
			LoadAssemblies (123ms)
			RebuildTransferFunctionScriptingTraits (0ms)
			SetupTypeCache (152ms)
			ReleaseScriptCaches (0ms)
			RebuildScriptCaches (36ms)
			SetupLoadedEditorAssemblies (358ms)
				LogAssemblyErrors (0ms)
				InitializePlatformSupportModulesInManaged (12ms)
				SetLoadedEditorAssemblies (0ms)
				RefreshPlugins (110ms)
				BeforeProcessingInitializeOnLoad (1ms)
				ProcessInitializeOnLoadAttributes (171ms)
				ProcessInitializeOnLoadMethodAttributes (63ms)
				AfterProcessingInitializeOnLoad (0ms)
				EditorAssembliesLoaded (1ms)
			ExecutionOrderSort2 (0ms)
			AwakeInstancesAfterBackupRestoration (0ms)
Platform modules already initialized, skipping
Registering precompiled user dll's ...
Registered in 0.008938 seconds.
Begin MonoManager ReloadAssembly
Symbol file LoadedFromMemory doesn't match image C:\Users\minva\My project\Library\PackageCache\com.unity.visualscripting@1.8.0\Editor\VisualScripting.Core\Dependencies\YamlDotNet\Unity.VisualScripting.YamlDotNet.dll
Symbol file LoadedFromMemory doesn't match image C:\Users\minva\My project\Library\PackageCache\com.unity.visualscripting@1.8.0\Editor\VisualScripting.Core\Dependencies\DotNetZip\Unity.VisualScripting.IonicZip.dll
Native extension for WindowsStandalone target not found
Native extension for WebGL target not found
Refreshing native plugins compatible for Editor in 1.30 ms, found 3 plugins.
Preloading 0 native plugins for Editor in 0.00 ms.
Mono: successfully reloaded assembly
- Completed reload, in  1.557 seconds
Domain Reload Profiling:
	ReloadAssembly (1558ms)
		BeginReloadAssembly (179ms)
			ExecutionOrderSort (0ms)
			DisableScriptedObjects (8ms)
			BackupInstance (0ms)
			ReleaseScriptingObjects (0ms)
			CreateAndSetChildDomain (24ms)
		EndReloadAssembly (1139ms)
			LoadAssemblies (149ms)
			RebuildTransferFunctionScriptingTraits (0ms)
			SetupTypeCache (391ms)
			ReleaseScriptCaches (1ms)
			RebuildScriptCaches (63ms)
			SetupLoadedEditorAssemblies (506ms)
				LogAssemblyErrors (0ms)
				InitializePlatformSupportModulesInManaged (11ms)
				SetLoadedEditorAssemblies (1ms)
				RefreshPlugins (1ms)
				BeforeProcessingInitializeOnLoad (131ms)
				ProcessInitializeOnLoadAttributes (315ms)
				ProcessInitializeOnLoadMethodAttributes (35ms)
				AfterProcessingInitializeOnLoad (12ms)
				EditorAssembliesLoaded (0ms)
			ExecutionOrderSort2 (0ms)
			AwakeInstancesAfterBackupRestoration (9ms)
Platform modules already initialized, skipping
========================================================================
Worker process is ready to serve import requests
Launched and connected shader compiler UnityShaderCompiler.exe after 0.06 seconds
Refreshing native plugins compatible for Editor in 0.81 ms, found 3 plugins.
Preloading 0 native plugins for Editor in 0.00 ms.
Unloading 3376 Unused Serialized files (Serialized files now loaded: 0)
Unloading 27 unused Assets / (113.4 KB). Loaded Objects now: 3833.
Memory consumption went from 115.6 MB to 115.5 MB.
Total: 4.179700 ms (FindLiveObjects: 0.340200 ms CreateObjectMapping: 0.306000 ms MarkObjects: 3.174800 ms  DeleteObjects: 0.357000 ms)

AssetImportParameters requested are different than current active one (requested -> active):
  custom:video-decoder-ogg-theora: a1e56fd34408186e4bbccfd4996cb3dc -> 
  custom:container-muxer-webm: aa71ff27fc2769a1b78a27578f13a17b -> 
  custom:container-demuxer-webm: 4f35f7cbe854078d1ac9338744f61a02 -> 
  custom:video-encoder-webm-vp8: eb34c28f22e8b96e1ab97ce403110664 -> 
  custom:audio-encoder-webm-vorbis: bf7c407c2cedff20999df2af8eb42d56 -> 
  custom:framework-win-MediaFoundation: 216162199b28c13a410421893ffa2e32 -> 
  custom:container-demuxer-ogg: 62fdf1f143b41e24485cea50d1cbac27 -> 
  custom:video-decoder-webm-vp8: 9c59270c3fd7afecdb556c50c9e8de78 -> 
  custom:audio-decoder-ogg-vorbis: bf7c407c2cedff20999df2af8eb42d56 -> 
========================================================================
Received Import Request.
  Time since last request: 517526.762347 seconds.
  path: Assets/Scenes/SampleScene.unity
  artifactKey: Guid(9fc0d4010bbf28b4594072e72b8655ab) Importer(815301076,1909f56bfc062723c751e8b465ee728b)
Start importing Assets/Scenes/SampleScene.unity using Guid(9fc0d4010bbf28b4594072e72b8655ab) Importer(815301076,1909f56bfc062723c751e8b465ee728b)  -> (artifact id: 'e55ccaa32d8e5c1de03c07a5412c8c3c') in 0.017219 seconds 
========================================================================
Received Import Request.
  Time since last request: 449.326631 seconds.
  path: Assets/New Prefab.prefab
  artifactKey: Guid(2bf372849b82f784494db0d033f026a1) Importer(815301076,1909f56bfc062723c751e8b465ee728b)
Start importing Assets/New Prefab.prefab using Guid(2bf372849b82f784494db0d033f026a1) Importer(815301076,1909f56bfc062723c751e8b465ee728b)  -> (artifact id: '7971a93bb96c5eff47446a6b27e7f941') in 0.103204 seconds 
========================================================================
Received Import Request.
  Time since last request: 21839.012284 seconds.
  path: Assets/Scenes
  artifactKey: Guid(6ea315d0fd7389c41b19996891e99ae3) Importer(815301076,1909f56bfc062723c751e8b465ee728b)
Start importing Assets/Scenes using Guid(6ea315d0fd7389c41b19996891e99ae3) Importer(815301076,1909f56bfc062723c751e8b465ee728b)  -> (artifact id: 'b8193726cff86800c54781cdc6d54904') in 0.035491 seconds 
========================================================================
Received Import Request.
  Time since last request: 43127.354858 seconds.
  path: Assets/Scenes/road.scenetemplate
  artifactKey: Guid(417c6863ca3635f47a0e36bc650eca40) Importer(815301076,1909f56bfc062723c751e8b465ee728b)
Start importing Assets/Scenes/road.scenetemplate using Guid(417c6863ca3635f47a0e36bc650eca40) Importer(815301076,1909f56bfc062723c751e8b465ee728b)  -> (artifact id: '04af62d85270ee08ecd5462f668075bf') in 0.144829 seconds 
========================================================================
Received Import Request.
  Time since last request: 13.199214 seconds.
  path: Assets/Scenes/SampleScene.unity
  artifactKey: Guid(9fc0d4010bbf28b4594072e72b8655ab) Importer(815301076,1909f56bfc062723c751e8b465ee728b)
Start importing Assets/Scenes/SampleScene.unity using Guid(9fc0d4010bbf28b4594072e72b8655ab) Importer(815301076,1909f56bfc062723c751e8b465ee728b)  -> (artifact id: '08758facb2030fc300a900e50bb7e766') in 0.016960 seconds 
========================================================================
Received Import Request.
  Time since last request: 21.926483 seconds.
  path: Assets
  artifactKey: Guid(00000000000000001000000000000000) Importer(815301076,1909f56bfc062723c751e8b465ee728b)
Start importing Assets using Guid(00000000000000001000000000000000) Importer(815301076,1909f56bfc062723c751e8b465ee728b)  -> (artifact id: '79842766b460edbeab6a34051e857a80') in 0.016877 seconds 
========================================================================
Received Import Request.
  Time since last request: 237.508851 seconds.
  path: Assets/New Folder
  artifactKey: Guid(fb581fea38daded419ad1f55bc0d75d0) Importer(815301076,1909f56bfc062723c751e8b465ee728b)
Start importing Assets/New Folder using Guid(fb581fea38daded419ad1f55bc0d75d0) Importer(815301076,1909f56bfc062723c751e8b465ee728b)  -> (artifact id: '7af3da6db0bec954aad4e5427f66b1ee') in 0.061316 seconds 
========================================================================
Received Import Request.
  Time since last request: 14.115765 seconds.
  path: Assets/Material
  artifactKey: Guid(fb581fea38daded419ad1f55bc0d75d0) Importer(815301076,1909f56bfc062723c751e8b465ee728b)
Start importing Assets/Material using Guid(fb581fea38daded419ad1f55bc0d75d0) Importer(815301076,1909f56bfc062723c751e8b465ee728b)  -> (artifact id: '43ada04cda49b99ef205ca57139a5587') in 0.016601 seconds 
========================================================================
Received Import Request.
  Time since last request: 16.522645 seconds.
  path: Assets/Material/New Material.mat
  artifactKey: Guid(c0e0e9495c85a984292dedab24dfa2d4) Importer(815301076,1909f56bfc062723c751e8b465ee728b)
Start importing Assets/Material/New Material.mat using Guid(c0e0e9495c85a984292dedab24dfa2d4) Importer(815301076,1909f56bfc062723c751e8b465ee728b)  -> (artifact id: 'a35519c69a88c07b8abf2bf37f26bc2b') in 0.604916 seconds 
========================================================================
Received Import Request.
  Time since last request: 35.983551 seconds.
  path: Assets/Material/road.mat
  artifactKey: Guid(c0e0e9495c85a984292dedab24dfa2d4) Importer(815301076,1909f56bfc062723c751e8b465ee728b)
Start importing Assets/Material/road.mat using Guid(c0e0e9495c85a984292dedab24dfa2d4) Importer(815301076,1909f56bfc062723c751e8b465ee728b)  -> (artifact id: '8a9003bdf857c0b2635b89d2d4490528') in 0.186450 seconds 
========================================================================
Received Import Request.
  Time since last request: 11.596739 seconds.
  path: Assets/Material/New Material.mat
  artifactKey: Guid(ce1be34cc9922544b89ed11ac693465e) Importer(815301076,1909f56bfc062723c751e8b465ee728b)
Start importing Assets/Material/New Material.mat using Guid(ce1be34cc9922544b89ed11ac693465e) Importer(815301076,1909f56bfc062723c751e8b465ee728b)  -> (artifact id: '65d5def1b791a2f7b60a1d95a7fae550') in 0.021531 seconds 
========================================================================
Received Import Request.
  Time since last request: 43.661801 seconds.
  path: Assets/Material/car.mat
  artifactKey: Guid(ce1be34cc9922544b89ed11ac693465e) Importer(815301076,1909f56bfc062723c751e8b465ee728b)
Start importing Assets/Material/car.mat using Guid(ce1be34cc9922544b89ed11ac693465e) Importer(815301076,1909f56bfc062723c751e8b465ee728b)  -> (artifact id: '975b63eeb28f570262bb6fb5d00ada4b') in 0.029372 seconds 
========================================================================
Received Import Request.
  Time since last request: 435.683257 seconds.
  path: Assets/Material/New Material.mat
  artifactKey: Guid(627ce35d7e64a31498eae342c0886b31) Importer(815301076,1909f56bfc062723c751e8b465ee728b)
Start importing Assets/Material/New Material.mat using Guid(627ce35d7e64a31498eae342c0886b31) Importer(815301076,1909f56bfc062723c751e8b465ee728b)  -> (artifact id: '62f0caa6aa61abd608629ed8550697f3') in 0.033724 seconds 
========================================================================
Received Import Request.
  Time since last request: 9308.953718 seconds.
  path: Assets/Material/New Material.mat
  artifactKey: Guid(627ce35d7e64a31498eae342c0886b31) Importer(815301076,1909f56bfc062723c751e8b465ee728b)
Start importing Assets/Material/New Material.mat using Guid(627ce35d7e64a31498eae342c0886b31) Importer(815301076,1909f56bfc062723c751e8b465ee728b)  -> (artifact id: '8d75d4f07f5b06c6f307bc25e340362b') in 0.086268 seconds 
========================================================================
Received Import Request.
  Time since last request: 1378.119135 seconds.
  path: Assets/New Terrain.asset
  artifactKey: Guid(f682b56bf51bbae4f932dde0d69fd567) Importer(815301076,1909f56bfc062723c751e8b465ee728b)
Start importing Assets/New Terrain.asset using Guid(f682b56bf51bbae4f932dde0d69fd567) Importer(815301076,1909f56bfc062723c751e8b465ee728b)  -> (artifact id: '259956efd89ce19aeb6d3f341a7ef785') in 0.057197 seconds 
========================================================================
Received Import Request.
  Time since last request: 7.791487 seconds.
  path: Assets/Prefab
  artifactKey: Guid(e817067df34a98b48aaddd9e00ab7eec) Importer(815301076,1909f56bfc062723c751e8b465ee728b)
Start importing Assets/Prefab using Guid(e817067df34a98b48aaddd9e00ab7eec) Importer(815301076,1909f56bfc062723c751e8b465ee728b)  -> (artifact id: 'cd892f7e6d5655a3383cfb1fb4add781') in 0.015755 seconds 
========================================================================
Received Import Request.
  Time since last request: 3.400469 seconds.
  path: Assets/Prefab/Cube.prefab
  artifactKey: Guid(a7112cfa71bacc64a8828253696cf66d) Importer(815301076,1909f56bfc062723c751e8b465ee728b)
Start importing Assets/Prefab/Cube.prefab using Guid(a7112cfa71bacc64a8828253696cf66d) Importer(815301076,1909f56bfc062723c751e8b465ee728b)  -> (artifact id: '8f9a618751e0c3a1c6f5acf50cb4a104') in 0.220230 seconds 
